<?xml version="1.0" encoding="UTF-8" ?>
<testsuite tests="4" failures="0" name="com.yh.common.utils.StringUtilTest" time="0.069" errors="0" skipped="0">
  <properties>
[...]
</properties>
  <testcase classname="com.yh.common.utils.StringUtilTest" name="testGenerateChineseName" time="0.067"/>
  <testcase classname="com.yh.common.utils.StringUtilTest" name="testRandomChineseString" time="0.001"/>
  <testcase classname="com.yh.common.utils.StringUtilTest" name="testHasLength" time="0"/>
  <testcase classname="com.yh.common.utils.StringUtilTest" name="testHasText" time="0.001"/>
</testsuite>